<?xml version="1.0" encoding="UTF-8"?>
<!-- Generated by org.testng.reporters.JUnitReportReporter -->
<testsuite hostname="jannatuls-MBP" failures="0" tests="1" name="com.stepDefinations.StepDefination" time="5.549" errors="0" timestamp="2022-04-19T15:26:37 EDT" skipped="0">
  <testcase classname="com.stepDefinations.StepDefination" name="user_is_on_the_homepage" time="5.549"/>
  <system-out/>
</testsuite> <!-- com.stepDefinations.StepDefination -->
